<?xml version="1.0" encoding="utf-8"?><testsuites name="pytest tests"><testsuite name="pytest" errors="0" failures="2" skipped="0" tests="29" time="4.107" timestamp="2026-05-11T09:16:33.870277+00:00" hostname="agent-env-71d82374-851b-484a-b09c-342b0bd521c1"><testcase classname="backend.tests.test_townserve_api.TestHealth" name="test_root" time="0.171" /><testcase classname="backend.tests.test_townserve_api.TestAuth" name="test_admin_login" time="0.296" /><testcase classname="backend.tests.test_townserve_api.TestAuth" name="test_invalid_login" time="0.274" /><testcase classname="backend.tests.test_townserve_api.TestAuth" name="test_register_provider_creates_profile" time="0.050"><failure message="AssertionError: {&quot;detail&quot;:[{&quot;type&quot;:&quot;value_error&quot;,&quot;loc&quot;:[&quot;body&quot;,&quot;email&quot;],&quot;msg&quot;:&quot;value is not a valid email address: The part after the @-sign is a special-use or reserved name that cannot be used with email.&quot;,&quot;input&quot;:&quot;test_provider_40789e10@townserve.test&quot;,&quot;ctx&quot;:{&quot;reason&quot;:&quot;The part after the @-sign is a special-use or reserved name that cannot be used with email.&quot;}}]}&#10;assert 422 == 200&#10; +  where 422 = &lt;Response [422]&gt;.status_code">backend/tests/test_townserve_api.py:117: in test_register_provider_creates_profile
    assert r.status_code == 200, r.text
E   AssertionError: {"detail":[{"type":"value_error","loc":["body","email"],"msg":"value is not a valid email address: The part after the @-sign is a special-use or reserved name that cannot be used with email.","input":"test_provider_40789e10@townserve.test","ctx":{"reason":"The part after the @-sign is a special-use or reserved name that cannot be used with email."}}]}
E   assert 422 == 200
E    +  where 422 = &lt;Response [422]&gt;.status_code</failure></testcase><testcase classname="backend.tests.test_townserve_api.TestAuth" name="test_self_register_admin_blocked" time="0.045"><failure message="assert 422 == 400&#10; +  where 422 = &lt;Response [422]&gt;.status_code">backend/tests/test_townserve_api.py:129: in test_self_register_admin_blocked
    assert r.status_code == 400
E   assert 422 == 400
E    +  where 422 = &lt;Response [422]&gt;.status_code</failure></testcase><testcase classname="backend.tests.test_townserve_api.TestAuth" name="test_duplicate_email" time="0.049" /><testcase classname="backend.tests.test_townserve_api.TestAuth" name="test_me_requires_token" time="0.046" /><testcase classname="backend.tests.test_townserve_api.TestAuth" name="test_me_returns_user" time="0.315" /><testcase classname="backend.tests.test_townserve_api.TestCategories" name="test_list_categories" time="0.044" /><testcase classname="backend.tests.test_townserve_api.TestProviders" name="test_list_providers" time="0.044" /><testcase classname="backend.tests.test_townserve_api.TestProviders" name="test_filter_by_category" time="0.096" /><testcase classname="backend.tests.test_townserve_api.TestProviders" name="test_search_query" time="0.043" /><testcase classname="backend.tests.test_townserve_api.TestProviders" name="test_get_provider_by_id" time="0.089" /><testcase classname="backend.tests.test_townserve_api.TestProviders" name="test_get_provider_404" time="0.043" /><testcase classname="backend.tests.test_townserve_api.TestProviderSelfService" name="test_get_my_profile" time="0.458" /><testcase classname="backend.tests.test_townserve_api.TestProviderSelfService" name="test_update_profile" time="0.054" /><testcase classname="backend.tests.test_townserve_api.TestProviderSelfService" name="test_add_and_delete_service" time="0.231" /><testcase classname="backend.tests.test_townserve_api.TestProviderSelfService" name="test_customer_cannot_access_provider_endpoints" time="0.046" /><testcase classname="backend.tests.test_townserve_api.TestBookings" name="test_full_booking_flow" time="0.470" /><testcase classname="backend.tests.test_townserve_api.TestBookings" name="test_invalid_provider_booking" time="0.050" /><testcase classname="backend.tests.test_townserve_api.TestBookings" name="test_provider_cannot_create_booking" time="0.044" /><testcase classname="backend.tests.test_townserve_api.TestReviews" name="test_create_review_for_completed" time="0.153" /><testcase classname="backend.tests.test_townserve_api.TestPayments" name="test_create_order_returns_503" time="0.088" /><testcase classname="backend.tests.test_townserve_api.TestAdmin" name="test_admin_stats" time="0.323" /><testcase classname="backend.tests.test_townserve_api.TestAdmin" name="test_admin_providers" time="0.051" /><testcase classname="backend.tests.test_townserve_api.TestAdmin" name="test_admin_verify_toggle" time="0.137" /><testcase classname="backend.tests.test_townserve_api.TestAdmin" name="test_admin_bookings" time="0.050" /><testcase classname="backend.tests.test_townserve_api.TestAdmin" name="test_admin_users" time="0.048" /><testcase classname="backend.tests.test_townserve_api.TestAdmin" name="test_non_admin_forbidden" time="0.044" /></testsuite></testsuites>