<?xml version="1.0" encoding="utf-8"?><testsuites name="pytest tests"><testsuite name="pytest" errors="0" failures="0" skipped="0" tests="29" time="6.046" timestamp="2026-05-11T09:22:35.430893+00:00" hostname="agent-env-71d82374-851b-484a-b09c-342b0bd521c1"><testcase classname="backend.tests.test_townserve_api.TestHealth" name="test_root" time="0.139" /><testcase classname="backend.tests.test_townserve_api.TestAuth" name="test_admin_login" time="0.314" /><testcase classname="backend.tests.test_townserve_api.TestAuth" name="test_invalid_login" time="0.291" /><testcase classname="backend.tests.test_townserve_api.TestAuth" name="test_register_provider_creates_profile" time="0.360" /><testcase classname="backend.tests.test_townserve_api.TestAuth" name="test_self_register_admin_blocked" time="0.070" /><testcase classname="backend.tests.test_townserve_api.TestAuth" name="test_duplicate_email" time="0.059" /><testcase classname="backend.tests.test_townserve_api.TestAuth" name="test_me_requires_token" time="0.064" /><testcase classname="backend.tests.test_townserve_api.TestAuth" name="test_me_returns_user" time="0.466" /><testcase classname="backend.tests.test_townserve_api.TestCategories" name="test_list_categories" time="0.069" /><testcase classname="backend.tests.test_townserve_api.TestProviders" name="test_list_providers" time="0.077" /><testcase classname="backend.tests.test_townserve_api.TestProviders" name="test_filter_by_category" time="0.136" /><testcase classname="backend.tests.test_townserve_api.TestProviders" name="test_search_query" time="0.084" /><testcase classname="backend.tests.test_townserve_api.TestProviders" name="test_get_provider_by_id" time="0.142" /><testcase classname="backend.tests.test_townserve_api.TestProviders" name="test_get_provider_404" time="0.099" /><testcase classname="backend.tests.test_townserve_api.TestProviderSelfService" name="test_get_my_profile" time="0.931" /><testcase classname="backend.tests.test_townserve_api.TestProviderSelfService" name="test_update_profile" time="0.107" /><testcase classname="backend.tests.test_townserve_api.TestProviderSelfService" name="test_add_and_delete_service" time="0.400" /><testcase classname="backend.tests.test_townserve_api.TestProviderSelfService" name="test_customer_cannot_access_provider_endpoints" time="0.064" /><testcase classname="backend.tests.test_townserve_api.TestBookings" name="test_full_booking_flow" time="0.659" /><testcase classname="backend.tests.test_townserve_api.TestBookings" name="test_invalid_provider_booking" time="0.102" /><testcase classname="backend.tests.test_townserve_api.TestBookings" name="test_provider_cannot_create_booking" time="0.058" /><testcase classname="backend.tests.test_townserve_api.TestReviews" name="test_create_review_for_completed" time="0.280" /><testcase classname="backend.tests.test_townserve_api.TestPayments" name="test_create_order_returns_503" time="0.123" /><testcase classname="backend.tests.test_townserve_api.TestAdmin" name="test_admin_stats" time="0.352" /><testcase classname="backend.tests.test_townserve_api.TestAdmin" name="test_admin_providers" time="0.062" /><testcase classname="backend.tests.test_townserve_api.TestAdmin" name="test_admin_verify_toggle" time="0.211" /><testcase classname="backend.tests.test_townserve_api.TestAdmin" name="test_admin_bookings" time="0.059" /><testcase classname="backend.tests.test_townserve_api.TestAdmin" name="test_admin_users" time="0.067" /><testcase classname="backend.tests.test_townserve_api.TestAdmin" name="test_non_admin_forbidden" time="0.059" /></testsuite></testsuites>